09-07-2026 19:28:36 - INFO - Dashboard test started
09-07-2026 19:28:37 - INFO - Dashboard Test Passed
10-07-2026 10:45:23 - INFO - Dashboard test started
10-07-2026 10:45:25 - INFO - Dashboard Test Passed
10-07-2026 10:55:51 - INFO - Dashboard test started
10-07-2026 10:55:53 - INFO - Dashboard Test Passed
11-07-2026 15:58:34 - INFO - Dashboard test started
11-07-2026 15:58:36 - INFO - Dashboard Test Passed
11-07-2026 16:03:54 - INFO - Dashboard test started
11-07-2026 16:03:57 - INFO - Dashboard Test Passed
11-07-2026 16:08:20 - INFO - Dashboard test started
11-07-2026 16:08:22 - INFO - Dashboard Test Passed
11-07-2026 16:13:03 - INFO - Dashboard test started
11-07-2026 16:13:05 - INFO - Dashboard Test Passed
12-07-2026 09:43:54 - INFO - Dashboard test started
12-07-2026 09:43:55 - INFO - Dashboard Test Passed
12-07-2026 13:51:08 - INFO - Dashboard test started
12-07-2026 13:51:10 - INFO - Dashboard Test Passed
12-07-2026 13:57:01 - INFO - Dashboard test started
12-07-2026 13:57:03 - INFO - Dashboard Test Passed
12-07-2026 14:10:50 - INFO - Dashboard test started
12-07-2026 14:10:52 - INFO - Dashboard Test Passed
12-07-2026 14:18:48 - INFO - Dashboard test started
12-07-2026 14:18:51 - INFO - Dashboard Test Passed
12-07-2026 14:59:26 - INFO - Dashboard test started
12-07-2026 14:59:32 - INFO - Dashboard Test Passed
12-07-2026 15:29:40 - INFO - Dashboard test started
12-07-2026 15:29:45 - INFO - Dashboard Test Passed
13-07-2026 09:43:07 - INFO - Dashboard test started
13-07-2026 09:43:09 - INFO - Dashboard Test Passed
13-07-2026 11:52:31 - ERROR - test_create_user FAILED
13-07-2026 11:55:58 - INFO - test_create_user PASSED
13-07-2026 11:56:21 - INFO - test_search_user PASSED
13-07-2026 11:56:28 - INFO - test_dashboard PASSED
13-07-2026 11:56:34 - INFO - test_dashboard_widgets PASSED
13-07-2026 11:56:50 - ERROR - test_search_leave FAILED
13-07-2026 11:57:31 - ERROR - test_apply_leave FAILED
13-07-2026 11:57:36 - INFO - test_valid_login PASSED
13-07-2026 11:57:42 - INFO - test_invalid_password PASSED
13-07-2026 11:57:48 - INFO - test_invalid_username PASSED
13-07-2026 11:57:52 - INFO - test_blank_credentials PASSED
13-07-2026 11:58:03 - INFO - test_add_employee PASSED
13-07-2026 11:58:16 - INFO - test_add_employee2 PASSED
13-07-2026 11:58:26 - ERROR - test_search_employee FAILED
13-07-2026 11:58:40 - INFO - test_invalid_employee PASSED
13-07-2026 11:59:01 - INFO - test_add_candidate[candidate0] PASSED
13-07-2026 11:59:41 - INFO - test_add_candidate[candidate1] PASSED
13-07-2026 12:00:11 - INFO - test_create_timesheet PASSED
13-07-2026 15:59:29 - ERROR - test_create_user FAILED
13-07-2026 16:00:56 - ERROR - test_create_user FAILED
13-07-2026 16:04:01 - INFO - test_create_user PASSED
13-07-2026 16:04:05 - ERROR - test_search_user FAILED
13-07-2026 16:04:10 - INFO - test_dashboard PASSED
13-07-2026 16:04:16 - INFO - test_dashboard_widgets PASSED
13-07-2026 16:04:42 - INFO - test_search_leave PASSED
13-07-2026 16:05:24 - ERROR - test_apply_leave FAILED
13-07-2026 16:05:30 - INFO - test_valid_login PASSED
13-07-2026 16:05:36 - INFO - test_invalid_password PASSED
13-07-2026 16:05:42 - INFO - test_invalid_username PASSED
13-07-2026 16:05:46 - INFO - test_blank_credentials PASSED
13-07-2026 16:06:05 - INFO - test_add_employee PASSED
13-07-2026 16:06:16 - INFO - test_add_employee2 PASSED
13-07-2026 16:06:33 - ERROR - test_search_employee FAILED
13-07-2026 16:06:45 - INFO - test_invalid_employee PASSED
13-07-2026 16:06:55 - INFO - test_add_candidate[candidate0] PASSED
13-07-2026 16:07:04 - INFO - test_add_candidate[candidate1] PASSED
13-07-2026 16:07:39 - INFO - test_create_timesheet PASSED
13-07-2026 17:44:32 - INFO - test_create_user PASSED
13-07-2026 17:44:46 - ERROR - test_search_user FAILED
13-07-2026 17:44:53 - INFO - test_dashboard PASSED
13-07-2026 17:45:08 - INFO - test_dashboard_widgets PASSED
13-07-2026 17:45:43 - INFO - test_search_leave PASSED
13-07-2026 17:46:00 - INFO - test_apply_leave PASSED
13-07-2026 17:46:09 - INFO - test_valid_login PASSED
13-07-2026 17:46:22 - INFO - test_invalid_password PASSED
13-07-2026 17:46:38 - INFO - test_invalid_username PASSED
13-07-2026 17:46:55 - ERROR - test_blank_credentials FAILED
13-07-2026 17:47:26 - INFO - test_add_employee PASSED
13-07-2026 17:47:47 - INFO - test_add_employee2 PASSED
13-07-2026 17:48:08 - INFO - test_invalid_employee PASSED
13-07-2026 17:48:35 - INFO - test_add_candidate[candidate0] PASSED
13-07-2026 17:49:13 - INFO - test_add_candidate[candidate1] PASSED
13-07-2026 17:50:12 - INFO - test_create_timesheet PASSED
13-07-2026 17:56:18 - INFO - test_create_user PASSED
13-07-2026 17:56:44 - INFO - test_search_user PASSED
13-07-2026 17:56:55 - INFO - test_dashboard PASSED
13-07-2026 17:57:08 - INFO - test_dashboard_widgets PASSED
13-07-2026 17:57:42 - INFO - test_search_leave PASSED
13-07-2026 18:00:14 - INFO - test_create_user PASSED
13-07-2026 18:00:38 - INFO - test_search_user PASSED
13-07-2026 18:03:22 - INFO - test_create_user PASSED
13-07-2026 18:03:45 - INFO - test_search_user PASSED
13-07-2026 18:03:57 - INFO - test_dashboard PASSED
13-07-2026 18:07:03 - INFO - test_create_user PASSED
13-07-2026 18:07:26 - INFO - test_search_user PASSED
13-07-2026 18:07:41 - INFO - test_dashboard PASSED
13-07-2026 18:07:57 - INFO - test_dashboard_widgets PASSED
13-07-2026 18:08:35 - INFO - test_search_leave PASSED
13-07-2026 18:09:05 - INFO - test_apply_leave PASSED
13-07-2026 18:09:12 - ERROR - test_valid_login FAILED
13-07-2026 18:09:25 - INFO - test_invalid_password PASSED
13-07-2026 18:09:43 - INFO - test_invalid_username PASSED
13-07-2026 18:09:47 - INFO - test_blank_credentials PASSED
13-07-2026 18:13:20 - INFO - test_create_user PASSED
13-07-2026 18:14:51 - INFO - test_create_user PASSED
13-07-2026 18:16:45 - ERROR - test_create_user FAILED
13-07-2026 18:17:01 - INFO - test_search_user PASSED
13-07-2026 18:17:10 - INFO - test_dashboard PASSED
13-07-2026 18:17:21 - INFO - test_dashboard_widgets PASSED
13-07-2026 18:17:58 - INFO - test_search_leave PASSED
13-07-2026 18:18:19 - INFO - test_apply_leave PASSED
13-07-2026 18:21:17 - INFO - test_create_user PASSED
13-07-2026 18:23:43 - INFO - test_create_user PASSED
13-07-2026 18:24:08 - INFO - test_search_user PASSED
13-07-2026 18:24:15 - INFO - test_dashboard PASSED
13-07-2026 18:24:31 - INFO - test_dashboard_widgets PASSED
13-07-2026 18:25:03 - INFO - test_search_leave PASSED
13-07-2026 18:25:23 - INFO - test_apply_leave PASSED
13-07-2026 18:29:16 - ERROR - test_create_user FAILED
13-07-2026 18:31:48 - ERROR - test_create_user FAILED
13-07-2026 18:33:13 - INFO - test_create_user PASSED
13-07-2026 18:33:33 - INFO - test_search_user PASSED
13-07-2026 18:33:40 - INFO - test_dashboard PASSED
13-07-2026 18:33:57 - INFO - test_dashboard_widgets PASSED
13-07-2026 18:34:25 - INFO - test_search_leave PASSED
13-07-2026 18:34:34 - INFO - test_apply_leave PASSED
13-07-2026 18:34:49 - ERROR - test_valid_login FAILED
13-07-2026 18:35:04 - INFO - test_invalid_password PASSED
13-07-2026 18:35:17 - INFO - test_invalid_username PASSED
13-07-2026 18:35:30 - INFO - test_blank_credentials PASSED
13-07-2026 18:50:21 - INFO - test_create_user PASSED
13-07-2026 18:50:45 - INFO - test_search_user PASSED
13-07-2026 18:51:02 - INFO - test_dashboard PASSED
13-07-2026 18:51:11 - INFO - test_dashboard_widgets PASSED
13-07-2026 18:51:51 - INFO - test_search_leave PASSED
13-07-2026 18:52:13 - INFO - test_apply_leave PASSED
13-07-2026 18:52:19 - ERROR - test_valid_login FAILED
13-07-2026 18:52:43 - INFO - test_invalid_password PASSED
13-07-2026 18:53:04 - INFO - test_invalid_username PASSED
13-07-2026 18:56:41 - INFO - test_create_user PASSED
13-07-2026 18:58:49 - ERROR - test_create_user FAILED
13-07-2026 19:05:02 - INFO - test_create_user PASSED
13-07-2026 19:05:09 - ERROR - test_search_user FAILED
13-07-2026 19:07:15 - INFO - test_create_user PASSED
13-07-2026 19:07:22 - ERROR - test_search_user FAILED
13-07-2026 19:09:49 - INFO - test_create_user PASSED
13-07-2026 19:09:57 - ERROR - test_search_user FAILED
13-07-2026 19:10:06 - INFO - test_dashboard PASSED
13-07-2026 19:10:14 - INFO - test_dashboard_widgets PASSED
13-07-2026 19:15:58 - INFO - test_create_user PASSED
13-07-2026 19:16:05 - ERROR - test_search_user FAILED
13-07-2026 19:16:19 - INFO - test_dashboard PASSED
13-07-2026 19:16:27 - INFO - test_dashboard_widgets PASSED
13-07-2026 19:16:55 - INFO - test_search_leave PASSED
13-07-2026 19:17:12 - INFO - test_apply_leave PASSED
13-07-2026 19:17:22 - INFO - test_valid_login PASSED
13-07-2026 19:17:31 - INFO - test_invalid_password PASSED
13-07-2026 19:17:47 - INFO - test_invalid_username PASSED
13-07-2026 19:20:23 - INFO - test_create_user PASSED
13-07-2026 19:20:30 - ERROR - test_search_user FAILED
13-07-2026 19:20:38 - INFO - test_dashboard PASSED
13-07-2026 19:20:46 - INFO - test_dashboard_widgets PASSED
13-07-2026 19:21:16 - INFO - test_search_leave PASSED
13-07-2026 19:21:32 - INFO - test_apply_leave PASSED
13-07-2026 19:21:43 - INFO - test_valid_login PASSED
13-07-2026 19:21:51 - INFO - test_invalid_password PASSED
13-07-2026 19:22:00 - INFO - test_invalid_username PASSED
13-07-2026 19:22:06 - INFO - test_blank_credentials PASSED
13-07-2026 19:22:37 - INFO - test_add_employee PASSED
13-07-2026 19:22:50 - INFO - test_add_employee2 PASSED
13-07-2026 19:23:05 - INFO - test_invalid_employee PASSED
13-07-2026 19:23:18 - INFO - test_add_candidate[candidate0] PASSED
13-07-2026 19:23:31 - INFO - test_add_candidate[candidate1] PASSED
13-07-2026 19:23:49 - INFO - test_create_timesheet PASSED
